<?xml version="1.0" encoding="UTF-8"?>
<testng-results ignored="0" total="1" passed="1" failed="0" skipped="0">
  <reporter-output>
  </reporter-output>
  <suite started-at="2025-08-12T17:20:29 IST" name="API Automation Suite" finished-at="2025-08-12T17:20:38 IST" duration-ms="9715">
    <groups>
    </groups>
    <test started-at="2025-08-12T17:20:29 IST" name="Happy Flow Tests" finished-at="2025-08-12T17:20:38 IST" duration-ms="9715">
      <class name="tests.Journey.StartJourneyTest">
        <test-method is-config="true" signature="setUp()[pri:0, instance:tests.Journey.StartJourneyTest@1aafa419]" started-at="2025-08-12T17:20:29 IST" name="setUp" finished-at="2025-08-12T17:20:33 IST" duration-ms="3931" status="PASS">
          <reporter-output>
          </reporter-output>
        </test-method> <!-- setUp -->
        <test-method signature="startJourneyFlowForMember(int,int)[pri:0, instance:tests.Journey.StartJourneyTest@1aafa419]" started-at="2025-08-12T17:20:33 IST" name="startJourneyFlowForMember" data-provider="memberDataProvider" finished-at="2025-08-12T17:20:38 IST" duration-ms="5689" status="PASS">
          <params>
            <param index="0">
              <value>
                <![CDATA[25]]>
              </value>
            </param>
            <param index="1">
              <value>
                <![CDATA[21]]>
              </value>
            </param>
          </params>
          <reporter-output>
          </reporter-output>
        </test-method> <!-- startJourneyFlowForMember -->
        <test-method is-config="true" signature="tearDown()[pri:0, instance:tests.Journey.StartJourneyTest@1aafa419]" started-at="2025-08-12T17:20:38 IST" name="tearDown" finished-at="2025-08-12T17:20:38 IST" duration-ms="4" status="PASS">
          <reporter-output>
          </reporter-output>
        </test-method> <!-- tearDown -->
      </class> <!-- tests.Journey.StartJourneyTest -->
    </test> <!-- Happy Flow Tests -->
  </suite> <!-- API Automation Suite -->
</testng-results>
